<?xml version="1.0" encoding="UTF-8" ?>
<testsuite failures="0" time="2.574" errors="0" skipped="0" tests="4" name="com.mtfuji.priorityqueue.PrioritizationTest">
  <properties>
[...]
</properties>
  <testcase time="0.043" classname="com.mtfuji.priorityqueue.PrioritizationTest" name="returnFirstHighestPriorityToken"/>
  <testcase time="0.001" classname="com.mtfuji.priorityqueue.PrioritizationTest" name="returnLastHighestPriorityToken"/>
  <testcase time="0.505" classname="com.mtfuji.priorityqueue.PrioritizationTest" name="returnsInPriorityOrder"/>
  <testcase time="2.011" classname="com.mtfuji.priorityqueue.PrioritizationTest" name="returnsInPriorityOrderMultiThread"/>
</testsuite>